<?xml version="1.0" encoding="UTF-8"?>
<!-- Generated by org.testng.reporters.JUnitXMLReporter -->
<testsuite ignored="0" hostname="DESKTOP-8QRD8C9" failures="0" tests="4" name="Test" time="127.816" errors="0" timestamp="2024-12-28T11:55:13 IST">
  <testcase classname="TestScript.QALegendEventTest" name="addanEvent" time="7.745"/>
  <testcase classname="TestScript.QALegendMessagesTest" name="composingAMessage" time="10.074"/>
  <testcase classname="TestScript.QALegendSignupTest" name="registeringUser" time="5.158"/>
  <testcase classname="TestScript.QALegendSignupTest" name="signedupUserSignin" time="2.642"/>
</testsuite> <!-- Test -->
