<?xml version="1.0" encoding="UTF-8"?>
<!-- Generated by org.testng.reporters.JUnitXMLReporter -->
<testsuite ignored="0" hostname="DESKTOP-8QRD8C9" failures="0" tests="4" name="Test" time="121.721" errors="0" timestamp="2024-12-28T11:20:14 IST">
  <testcase classname="TestScript.QALegendEventTest" name="addanEvent" time="7.973"/>
  <testcase classname="TestScript.QALegendMessagesTest" name="composingAMessage" time="12.117"/>
  <testcase classname="TestScript.QALegendSignupTest" name="registeringUser" time="4.69"/>
  <testcase classname="TestScript.QALegendSignupTest" name="signedupUserSignin" time="2.581"/>
</testsuite> <!-- Test -->
