<?xml version="1.0" encoding="UTF-8"?>
<!-- Generated by org.testng.reporters.JUnitXMLReporter -->
<testsuite ignored="0" hostname="DESKTOP-8QRD8C9" failures="1" tests="2" name="Test for firefox" time="56.768" errors="0" timestamp="2025-01-01T22:15:58 IST">
  <testcase classname="TestScript.QALegendEventTest" name="addanEvent" time="3.164">
    <skipped/>
  </testcase> <!-- addanEvent -->
  <testcase classname="TestScript.QALegendEventTest" name="addanEvent" time="3.265">
    <failure type="org.openqa.selenium.ElementClickInterceptedException" message="Element &amp;lt;a class=&amp;quot;btn btn-default&amp;quot; href=&amp;quot;#&amp;quot;&amp;gt; is not clickable at point (1186,96) because another element &amp;lt;div id=&amp;quot;pre-loader&amp;quot;&amp;gt; obscures it
Build info: version: &amp;apos;4.25.0&amp;apos;, revision: &amp;apos;8a8aea2337&amp;apos;
System info: os.name: &amp;apos;Windows 11&amp;apos;, os.arch: &amp;apos;amd64&amp;apos;, os.version: &amp;apos;10.0&amp;apos;, java.version: &amp;apos;22.0.2&amp;apos;
Driver info: org.openqa.selenium.firefox.FirefoxDriver
Command: [523381cc-4de2-4457-9b58-ed271bc34a18, clickElement {id=0fe3d67a-4f6a-466b-8853-9ecd2d86fe34}]
Capabilities {acceptInsecureCerts: true, browserName: firefox, browserVersion: 133.0.3, moz:accessibilityChecks: false, moz:buildID: 20241209150345, moz:debuggerAddress: 127.0.0.1:35972, moz:geckodriverVersion: 0.35.0, moz:headless: false, moz:platformVersion: 10.0, moz:processID: 20456, moz:profile: C:\Users\hp\AppData\Local\T..., moz:shutdownTimeout: 60000, moz:webdriverClick: true, moz:windowless: false, pageLoadStrategy: normal, platformName: windows, proxy: Proxy(), se:cdp: ws://127.0.0.1:35972/devtoo..., se:cdpVersion: 85.0, setWindowRect: true, strictFileInteractability: false, timeouts: {implicit: 0, pageLoad: 300000, script: 30000}, unhandledPromptBehavior: dismiss and notify, userAgent: Mozilla/5.0 (Windows NT 10....}
Element: [[FirefoxDriver: firefox on windows (523381cc-4de2-4457-9b58-ed271bc34a18)] -&amp;gt; xpath: (//a[@title=&amp;apos;Add event&amp;apos;])[2]]
Session ID: 523381cc-4de2-4457-9b58-ed271bc34a18">
      <![CDATA[org.openqa.selenium.ElementClickInterceptedException: Element <a class="btn btn-default" href="#"> is not clickable at point (1186,96) because another element <div id="pre-loader"> obscures it
Build info: version: '4.25.0', revision: '8a8aea2337'
System info: os.name: 'Windows 11', os.arch: 'amd64', os.version: '10.0', java.version: '22.0.2'
Driver info: org.openqa.selenium.firefox.FirefoxDriver
Command: [523381cc-4de2-4457-9b58-ed271bc34a18, clickElement {id=0fe3d67a-4f6a-466b-8853-9ecd2d86fe34}]
Capabilities {acceptInsecureCerts: true, browserName: firefox, browserVersion: 133.0.3, moz:accessibilityChecks: false, moz:buildID: 20241209150345, moz:debuggerAddress: 127.0.0.1:35972, moz:geckodriverVersion: 0.35.0, moz:headless: false, moz:platformVersion: 10.0, moz:processID: 20456, moz:profile: C:\Users\hp\AppData\Local\T..., moz:shutdownTimeout: 60000, moz:webdriverClick: true, moz:windowless: false, pageLoadStrategy: normal, platformName: windows, proxy: Proxy(), se:cdp: ws://127.0.0.1:35972/devtoo..., se:cdpVersion: 85.0, setWindowRect: true, strictFileInteractability: false, timeouts: {implicit: 0, pageLoad: 300000, script: 30000}, unhandledPromptBehavior: dismiss and notify, userAgent: Mozilla/5.0 (Windows NT 10....}
Element: [[FirefoxDriver: firefox on windows (523381cc-4de2-4457-9b58-ed271bc34a18)] -> xpath: (//a[@title='Add event'])[2]]
Session ID: 523381cc-4de2-4457-9b58-ed271bc34a18
at org.openqa.selenium.remote.ErrorCodec.decode(ErrorCodec.java:167)
at org.openqa.selenium.remote.codec.w3c.W3CHttpResponseCodec.decode(W3CHttpResponseCodec.java:138)
at org.openqa.selenium.remote.codec.w3c.W3CHttpResponseCodec.decode(W3CHttpResponseCodec.java:50)
at org.openqa.selenium.remote.HttpCommandExecutor.execute(HttpCommandExecutor.java:190)
at org.openqa.selenium.remote.service.DriverCommandExecutor.invokeExecute(DriverCommandExecutor.java:216)
at org.openqa.selenium.remote.service.DriverCommandExecutor.execute(DriverCommandExecutor.java:174)
at org.openqa.selenium.remote.RemoteWebDriver.execute(RemoteWebDriver.java:545)
at org.openqa.selenium.remote.RemoteWebElement.execute(RemoteWebElement.java:223)
at org.openqa.selenium.remote.RemoteWebElement.click(RemoteWebElement.java:76)
at org.openqa.selenium.support.pagefactory.internal.LocatingElementHandler.invoke(LocatingElementHandler.java:51)
at jdk.proxy2/jdk.proxy2.$Proxy13.click(Unknown Source)
at Utilities.PageUtilities.clickOnElement(PageUtilities.java:28)
at PageClasses.QALegendEventPage.clickOnAddEventButton(QALegendEventPage.java:65)
at TestScript.QALegendEventTest.addanEvent(QALegendEventTest.java:20)
at java.base/java.util.ArrayList.forEach(ArrayList.java:1597)
... Removed 30 stack frames]]>
    </failure>
  </testcase> <!-- addanEvent -->
</testsuite> <!-- Test for firefox -->
