<?xml version="1.0" encoding="UTF-8"?>
<testng-results ignored="0" total="4" passed="4" failed="0" skipped="0">
  <reporter-output>
  </reporter-output>
  <suite started-at="2024-12-28T11:53:04 IST" name="Suite" finished-at="2024-12-28T11:55:12 IST" duration-ms="127816">
    <groups>
    </groups>
    <test started-at="2024-12-28T11:53:04 IST" name="Test" finished-at="2024-12-28T11:55:12 IST" duration-ms="127816">
      <class name="TestScript.QALegendEventTest">
        <test-method is-config="true" signature="browserinitialization()[pri:0, instance:TestScript.QALegendEventTest@6bf08014]" started-at="2024-12-28T11:53:04 IST" name="browserinitialization" finished-at="2024-12-28T11:53:31 IST" duration-ms="26898" status="PASS">
          <reporter-output>
          </reporter-output>
        </test-method> <!-- browserinitialization -->
        <test-method signature="addanEvent()[pri:0, instance:TestScript.QALegendEventTest@6bf08014]" started-at="2024-12-28T11:53:31 IST" name="addanEvent" finished-at="2024-12-28T11:53:39 IST" duration-ms="7745" status="PASS">
          <reporter-output>
          </reporter-output>
        </test-method> <!-- addanEvent -->
        <test-method is-config="true" signature="afterMethod(org.testng.ITestResult)[pri:0, instance:TestScript.QALegendEventTest@6bf08014]" started-at="2024-12-28T11:53:39 IST" name="afterMethod" finished-at="2024-12-28T11:53:39 IST" duration-ms="567" status="PASS">
          <params>
            <param index="0">
              <value>
                <![CDATA[[TestResult name=addanEvent status=SUCCESS method=QALegendEventTest.addanEvent()[pri:0, instance:TestScript.QALegendEventTest@6bf08014] output={null}]]]>
              </value>
            </param>
          </params>
          <reporter-output>
          </reporter-output>
        </test-method> <!-- afterMethod -->
      </class> <!-- TestScript.QALegendEventTest -->
      <class name="TestScript.QALegendSignupTest">
        <test-method is-config="true" signature="browserinitialization()[pri:0, instance:TestScript.QALegendSignupTest@455b6df1]" started-at="2024-12-28T11:54:14 IST" name="browserinitialization" finished-at="2024-12-28T11:54:39 IST" duration-ms="24355" status="PASS">
          <reporter-output>
          </reporter-output>
        </test-method> <!-- browserinitialization -->
        <test-method signature="registeringUser()[pri:0, instance:TestScript.QALegendSignupTest@455b6df1]" started-at="2024-12-28T11:54:39 IST" name="registeringUser" finished-at="2024-12-28T11:54:44 IST" duration-ms="5158" status="PASS">
          <reporter-output>
          </reporter-output>
        </test-method> <!-- registeringUser -->
        <test-method is-config="true" signature="afterMethod(org.testng.ITestResult)[pri:0, instance:TestScript.QALegendSignupTest@455b6df1]" started-at="2024-12-28T11:54:44 IST" name="afterMethod" finished-at="2024-12-28T11:54:44 IST" duration-ms="514" status="PASS">
          <params>
            <param index="0">
              <value>
                <![CDATA[[TestResult name=registeringUser status=SUCCESS method=QALegendSignupTest.registeringUser()[pri:0, instance:TestScript.QALegendSignupTest@455b6df1] output={null}]]]>
              </value>
            </param>
          </params>
          <reporter-output>
          </reporter-output>
        </test-method> <!-- afterMethod -->
        <test-method is-config="true" signature="browserinitialization()[pri:0, instance:TestScript.QALegendSignupTest@455b6df1]" started-at="2024-12-28T11:54:44 IST" name="browserinitialization" finished-at="2024-12-28T11:55:09 IST" duration-ms="24396" status="PASS">
          <reporter-output>
          </reporter-output>
        </test-method> <!-- browserinitialization -->
        <test-method signature="signedupUserSignin()[pri:0, instance:TestScript.QALegendSignupTest@455b6df1]" started-at="2024-12-28T11:55:09 IST" name="signedupUserSignin" finished-at="2024-12-28T11:55:11 IST" duration-ms="2642" status="PASS">
          <reporter-output>
          </reporter-output>
        </test-method> <!-- signedupUserSignin -->
        <test-method is-config="true" signature="afterMethod(org.testng.ITestResult)[pri:0, instance:TestScript.QALegendSignupTest@455b6df1]" started-at="2024-12-28T11:55:11 IST" name="afterMethod" finished-at="2024-12-28T11:55:12 IST" duration-ms="458" status="PASS">
          <params>
            <param index="0">
              <value>
                <![CDATA[[TestResult name=signedupUserSignin status=SUCCESS method=QALegendSignupTest.signedupUserSignin()[pri:0, instance:TestScript.QALegendSignupTest@455b6df1] output={null}]]]>
              </value>
            </param>
          </params>
          <reporter-output>
          </reporter-output>
        </test-method> <!-- afterMethod -->
      </class> <!-- TestScript.QALegendSignupTest -->
      <class name="TestScript.QALegendMessagesTest">
        <test-method is-config="true" signature="browserinitialization()[pri:0, instance:TestScript.QALegendMessagesTest@20c0a64d]" started-at="2024-12-28T11:53:39 IST" name="browserinitialization" finished-at="2024-12-28T11:54:04 IST" duration-ms="24294" status="PASS">
          <reporter-output>
          </reporter-output>
        </test-method> <!-- browserinitialization -->
        <test-method signature="composingAMessage()[pri:0, instance:TestScript.QALegendMessagesTest@20c0a64d]" started-at="2024-12-28T11:54:04 IST" name="composingAMessage" finished-at="2024-12-28T11:54:14 IST" duration-ms="10074" status="PASS">
          <reporter-output>
          </reporter-output>
        </test-method> <!-- composingAMessage -->
        <test-method is-config="true" signature="afterMethod(org.testng.ITestResult)[pri:0, instance:TestScript.QALegendMessagesTest@20c0a64d]" started-at="2024-12-28T11:54:14 IST" name="afterMethod" finished-at="2024-12-28T11:54:14 IST" duration-ms="540" status="PASS">
          <params>
            <param index="0">
              <value>
                <![CDATA[[TestResult name=composingAMessage status=SUCCESS method=QALegendMessagesTest.composingAMessage()[pri:0, instance:TestScript.QALegendMessagesTest@20c0a64d] output={null}]]]>
              </value>
            </param>
          </params>
          <reporter-output>
          </reporter-output>
        </test-method> <!-- afterMethod -->
      </class> <!-- TestScript.QALegendMessagesTest -->
    </test> <!-- Test -->
  </suite> <!-- Suite -->
</testng-results>
