<?xml version="1.0" encoding="UTF-8"?>
<testng-results ignored="0" total="8" passed="7" failed="1" skipped="0">
  <reporter-output>
  </reporter-output>
  <suite started-at="2024-12-12T13:05:42 IST" name="Suite" finished-at="2024-12-12T13:10:56 IST" duration-ms="313697">
    <groups>
    </groups>
    <test started-at="2024-12-12T13:05:42 IST" name="Test" finished-at="2024-12-12T13:10:56 IST" duration-ms="313697">
      <class name="TestScript.QALegendHomePageTest">
        <test-method is-config="true" signature="browserinitialization()[pri:0, instance:TestScript.QALegendHomePageTest@6d60fe40]" started-at="2024-12-12T13:08:04 IST" name="browserinitialization" finished-at="2024-12-12T13:08:25 IST" duration-ms="21121" status="PASS">
          <reporter-output>
          </reporter-output>
        </test-method> <!-- browserinitialization -->
        <test-method signature="createnewDashboard()[pri:0, instance:TestScript.QALegendHomePageTest@6d60fe40]" started-at="2024-12-12T13:08:25 IST" name="createnewDashboard" finished-at="2024-12-12T13:08:40 IST" duration-ms="15055" status="PASS">
          <reporter-output>
          </reporter-output>
        </test-method> <!-- createnewDashboard -->
        <test-method is-config="true" signature="browserClose()[pri:0, instance:TestScript.QALegendHomePageTest@6d60fe40]" started-at="2024-12-12T13:08:40 IST" name="browserClose" finished-at="2024-12-12T13:08:40 IST" duration-ms="338" status="PASS">
          <reporter-output>
          </reporter-output>
        </test-method> <!-- browserClose -->
        <test-method is-config="true" signature="browserinitialization()[pri:0, instance:TestScript.QALegendHomePageTest@6d60fe40]" started-at="2024-12-12T13:08:40 IST" name="browserinitialization" finished-at="2024-12-12T13:09:10 IST" duration-ms="29365" status="PASS">
          <reporter-output>
          </reporter-output>
        </test-method> <!-- browserinitialization -->
        <test-method signature="editDashboard()[pri:0, instance:TestScript.QALegendHomePageTest@6d60fe40]" started-at="2024-12-12T13:09:10 IST" name="editDashboard" finished-at="2024-12-12T13:09:33 IST" duration-ms="23617" status="PASS">
          <reporter-output>
          </reporter-output>
        </test-method> <!-- editDashboard -->
        <test-method is-config="true" signature="browserClose()[pri:0, instance:TestScript.QALegendHomePageTest@6d60fe40]" started-at="2024-12-12T13:09:33 IST" name="browserClose" finished-at="2024-12-12T13:09:34 IST" duration-ms="1165" status="PASS">
          <reporter-output>
          </reporter-output>
        </test-method> <!-- browserClose -->
      </class> <!-- TestScript.QALegendHomePageTest -->
      <class name="TestScript.QALegendLoginTest">
        <test-method is-config="true" signature="browserinitialization()[pri:0, instance:TestScript.QALegendLoginTest@43df23d3]" started-at="2024-12-12T13:07:29 IST" name="browserinitialization" finished-at="2024-12-12T13:07:59 IST" duration-ms="29631" status="PASS">
          <reporter-output>
          </reporter-output>
        </test-method> <!-- browserinitialization -->
        <test-method signature="loginuserlogin()[pri:0, instance:TestScript.QALegendLoginTest@43df23d3]" started-at="2024-12-12T13:07:59 IST" name="loginuserlogin" finished-at="2024-12-12T13:08:03 IST" duration-ms="3961" status="FAIL">
          <exception class="java.lang.AssertionError">
            <message>
              <![CDATA[expected [https://qalegend.com/crm/index.php/signin] but found [https://qalegend.com/crm/index.php/dashboard]]]>
            </message>
            <full-stacktrace>
              <![CDATA[java.lang.AssertionError: expected [https://qalegend.com/crm/index.php/signin] but found [https://qalegend.com/crm/index.php/dashboard]
at org.testng.Assert.fail(Assert.java:111)
at org.testng.Assert.failNotEquals(Assert.java:1578)
at org.testng.Assert.assertEqualsImpl(Assert.java:150)
at org.testng.Assert.assertEquals(Assert.java:132)
at org.testng.Assert.assertEquals(Assert.java:656)
at org.testng.Assert.assertEquals(Assert.java:666)
at TestScript.QALegendLoginTest.loginuserlogin(QALegendLoginTest.java:19)
at java.base/jdk.internal.reflect.DirectMethodHandleAccessor.invoke(DirectMethodHandleAccessor.java:103)
at java.base/java.lang.reflect.Method.invoke(Method.java:580)
at org.testng.internal.invokers.MethodInvocationHelper.invokeMethod(MethodInvocationHelper.java:141)
at org.testng.internal.invokers.TestInvoker.invokeMethod(TestInvoker.java:686)
at org.testng.internal.invokers.TestInvoker.invokeTestMethod(TestInvoker.java:230)
at org.testng.internal.invokers.MethodRunner.runInSequence(MethodRunner.java:63)
at org.testng.internal.invokers.TestInvoker$MethodInvocationAgent.invoke(TestInvoker.java:992)
at org.testng.internal.invokers.TestInvoker.invokeTestMethods(TestInvoker.java:203)
at org.testng.internal.invokers.TestMethodWorker.invokeTestMethods(TestMethodWorker.java:154)
at org.testng.internal.invokers.TestMethodWorker.run(TestMethodWorker.java:134)
at java.base/java.util.ArrayList.forEach(ArrayList.java:1597)
at org.testng.TestRunner.privateRun(TestRunner.java:739)
at org.testng.TestRunner.run(TestRunner.java:614)
at org.testng.SuiteRunner.runTest(SuiteRunner.java:421)
at org.testng.SuiteRunner.runSequentially(SuiteRunner.java:413)
at org.testng.SuiteRunner.privateRun(SuiteRunner.java:373)
at org.testng.SuiteRunner.run(SuiteRunner.java:312)
at org.testng.SuiteRunnerWorker.runSuite(SuiteRunnerWorker.java:52)
at org.testng.SuiteRunnerWorker.run(SuiteRunnerWorker.java:95)
at org.testng.TestNG.runSuitesSequentially(TestNG.java:1274)
at org.testng.TestNG.runSuitesLocally(TestNG.java:1208)
at org.testng.TestNG.runSuites(TestNG.java:1112)
at org.testng.TestNG.run(TestNG.java:1079)
at org.testng.remote.AbstractRemoteTestNG.run(AbstractRemoteTestNG.java:115)
at org.testng.remote.RemoteTestNG.initAndRun(RemoteTestNG.java:293)
at org.testng.remote.RemoteTestNG.main(RemoteTestNG.java:91)
]]>
            </full-stacktrace>
          </exception> <!-- java.lang.AssertionError -->
          <reporter-output>
          </reporter-output>
        </test-method> <!-- loginuserlogin -->
        <test-method is-config="true" signature="browserClose()[pri:0, instance:TestScript.QALegendLoginTest@43df23d3]" started-at="2024-12-12T13:08:03 IST" name="browserClose" finished-at="2024-12-12T13:08:04 IST" duration-ms="962" status="PASS">
          <reporter-output>
          </reporter-output>
        </test-method> <!-- browserClose -->
      </class> <!-- TestScript.QALegendLoginTest -->
      <class name="TestScript.QALegendEventTest">
        <test-method is-config="true" signature="browserinitialization()[pri:0, instance:TestScript.QALegendEventTest@4c60d6e9]" started-at="2024-12-12T13:05:42 IST" name="browserinitialization" finished-at="2024-12-12T13:06:12 IST" duration-ms="29726" status="PASS">
          <reporter-output>
          </reporter-output>
        </test-method> <!-- browserinitialization -->
        <test-method signature="addanEvent()[pri:0, instance:TestScript.QALegendEventTest@4c60d6e9]" started-at="2024-12-12T13:06:12 IST" name="addanEvent" finished-at="2024-12-12T13:06:24 IST" duration-ms="11818" status="PASS">
          <reporter-output>
          </reporter-output>
        </test-method> <!-- addanEvent -->
        <test-method is-config="true" signature="browserClose()[pri:0, instance:TestScript.QALegendEventTest@4c60d6e9]" started-at="2024-12-12T13:06:24 IST" name="browserClose" finished-at="2024-12-12T13:06:25 IST" duration-ms="1164" status="PASS">
          <reporter-output>
          </reporter-output>
        </test-method> <!-- browserClose -->
      </class> <!-- TestScript.QALegendEventTest -->
      <class name="TestScript.QALegendTicketsTest">
        <test-method is-config="true" signature="browserinitialization()[pri:0, instance:TestScript.QALegendTicketsTest@23e84203]" started-at="2024-12-12T13:10:18 IST" name="browserinitialization" finished-at="2024-12-12T13:10:36 IST" duration-ms="18077" status="PASS">
          <reporter-output>
          </reporter-output>
        </test-method> <!-- browserinitialization -->
        <test-method signature="createTicket()[pri:0, instance:TestScript.QALegendTicketsTest@23e84203]" started-at="2024-12-12T13:10:36 IST" name="createTicket" finished-at="2024-12-12T13:10:55 IST" duration-ms="18976" status="PASS">
          <reporter-output>
          </reporter-output>
        </test-method> <!-- createTicket -->
        <test-method is-config="true" signature="browserClose()[pri:0, instance:TestScript.QALegendTicketsTest@23e84203]" started-at="2024-12-12T13:10:55 IST" name="browserClose" finished-at="2024-12-12T13:10:56 IST" duration-ms="435" status="PASS">
          <reporter-output>
          </reporter-output>
        </test-method> <!-- browserClose -->
      </class> <!-- TestScript.QALegendTicketsTest -->
      <class name="TestScript.QALegendEstimatesTest">
        <test-method is-config="true" signature="browserinitialization()[pri:0, instance:TestScript.QALegendEstimatesTest@792b749c]" started-at="2024-12-12T13:09:34 IST" name="browserinitialization" finished-at="2024-12-12T13:10:03 IST" duration-ms="28218" status="PASS">
          <reporter-output>
          </reporter-output>
        </test-method> <!-- browserinitialization -->
        <test-method signature="createEstimate()[pri:0, instance:TestScript.QALegendEstimatesTest@792b749c]" started-at="2024-12-12T13:10:03 IST" name="createEstimate" finished-at="2024-12-12T13:10:18 IST" duration-ms="15062" status="PASS">
          <reporter-output>
          </reporter-output>
        </test-method> <!-- createEstimate -->
        <test-method is-config="true" signature="browserClose()[pri:0, instance:TestScript.QALegendEstimatesTest@792b749c]" started-at="2024-12-12T13:10:18 IST" name="browserClose" finished-at="2024-12-12T13:10:18 IST" duration-ms="439" status="PASS">
          <reporter-output>
          </reporter-output>
        </test-method> <!-- browserClose -->
      </class> <!-- TestScript.QALegendEstimatesTest -->
      <class name="TestScript.QALegendSignupTest">
        <test-method is-config="true" signature="browserinitialization()[pri:0, instance:TestScript.QALegendSignupTest@359df09a]" started-at="2024-12-12T13:06:25 IST" name="browserinitialization" finished-at="2024-12-12T13:06:46 IST" duration-ms="21521" status="PASS">
          <reporter-output>
          </reporter-output>
        </test-method> <!-- browserinitialization -->
        <test-method signature="registeringUser()[pri:0, instance:TestScript.QALegendSignupTest@359df09a]" started-at="2024-12-12T13:06:46 IST" name="registeringUser" finished-at="2024-12-12T13:06:53 IST" duration-ms="6498" status="PASS">
          <reporter-output>
          </reporter-output>
        </test-method> <!-- registeringUser -->
        <test-method is-config="true" signature="browserClose()[pri:0, instance:TestScript.QALegendSignupTest@359df09a]" started-at="2024-12-12T13:06:53 IST" name="browserClose" finished-at="2024-12-12T13:06:54 IST" duration-ms="1131" status="PASS">
          <reporter-output>
          </reporter-output>
        </test-method> <!-- browserClose -->
        <test-method is-config="true" signature="browserinitialization()[pri:0, instance:TestScript.QALegendSignupTest@359df09a]" started-at="2024-12-12T13:06:54 IST" name="browserinitialization" finished-at="2024-12-12T13:07:24 IST" duration-ms="29951" status="PASS">
          <reporter-output>
          </reporter-output>
        </test-method> <!-- browserinitialization -->
        <test-method signature="signedupUserSignin()[pri:0, instance:TestScript.QALegendSignupTest@359df09a]" started-at="2024-12-12T13:07:24 IST" name="signedupUserSignin" finished-at="2024-12-12T13:07:28 IST" duration-ms="4260" status="PASS">
          <reporter-output>
          </reporter-output>
        </test-method> <!-- signedupUserSignin -->
        <test-method is-config="true" signature="browserClose()[pri:0, instance:TestScript.QALegendSignupTest@359df09a]" started-at="2024-12-12T13:07:28 IST" name="browserClose" finished-at="2024-12-12T13:07:29 IST" duration-ms="896" status="PASS">
          <reporter-output>
          </reporter-output>
        </test-method> <!-- browserClose -->
      </class> <!-- TestScript.QALegendSignupTest -->
    </test> <!-- Test -->
  </suite> <!-- Suite -->
</testng-results>
