<?xml version="1.0" encoding="UTF-8"?>
<testng-results ignored="0" total="4" passed="4" failed="0" skipped="0">
  <reporter-output>
  </reporter-output>
  <suite started-at="2024-12-28T11:32:03 IST" name="Suite" finished-at="2024-12-28T11:33:59 IST" duration-ms="116263">
    <groups>
    </groups>
    <test started-at="2024-12-28T11:32:03 IST" name="Test" finished-at="2024-12-28T11:33:59 IST" duration-ms="116263">
      <class name="TestScript.QALegendEventTest">
        <test-method is-config="true" signature="browserinitialization()[pri:0, instance:TestScript.QALegendEventTest@6bf08014]" started-at="2024-12-28T11:32:03 IST" name="browserinitialization" finished-at="2024-12-28T11:32:28 IST" duration-ms="25145" status="PASS">
          <reporter-output>
          </reporter-output>
        </test-method> <!-- browserinitialization -->
        <test-method signature="addanEvent()[pri:0, instance:TestScript.QALegendEventTest@6bf08014]" started-at="2024-12-28T11:32:28 IST" name="addanEvent" finished-at="2024-12-28T11:32:37 IST" duration-ms="8805" status="PASS">
          <reporter-output>
          </reporter-output>
        </test-method> <!-- addanEvent -->
        <test-method is-config="true" signature="afterMethod(org.testng.ITestResult)[pri:0, instance:TestScript.QALegendEventTest@6bf08014]" started-at="2024-12-28T11:32:37 IST" name="afterMethod" finished-at="2024-12-28T11:32:37 IST" duration-ms="574" status="PASS">
          <params>
            <param index="0">
              <value>
                <![CDATA[[TestResult name=addanEvent status=SUCCESS method=QALegendEventTest.addanEvent()[pri:0, instance:TestScript.QALegendEventTest@6bf08014] output={null}]]]>
              </value>
            </param>
          </params>
          <reporter-output>
          </reporter-output>
        </test-method> <!-- afterMethod -->
      </class> <!-- TestScript.QALegendEventTest -->
      <class name="TestScript.QALegendSignupTest">
        <test-method is-config="true" signature="browserinitialization()[pri:0, instance:TestScript.QALegendSignupTest@455b6df1]" started-at="2024-12-28T11:33:03 IST" name="browserinitialization" finished-at="2024-12-28T11:33:28 IST" duration-ms="24231" status="PASS">
          <reporter-output>
          </reporter-output>
        </test-method> <!-- browserinitialization -->
        <test-method signature="registeringUser()[pri:0, instance:TestScript.QALegendSignupTest@455b6df1]" started-at="2024-12-28T11:33:28 IST" name="registeringUser" finished-at="2024-12-28T11:33:32 IST" duration-ms="4023" status="PASS">
          <reporter-output>
          </reporter-output>
        </test-method> <!-- registeringUser -->
        <test-method is-config="true" signature="afterMethod(org.testng.ITestResult)[pri:0, instance:TestScript.QALegendSignupTest@455b6df1]" started-at="2024-12-28T11:33:32 IST" name="afterMethod" finished-at="2024-12-28T11:33:32 IST" duration-ms="498" status="PASS">
          <params>
            <param index="0">
              <value>
                <![CDATA[[TestResult name=registeringUser status=SUCCESS method=QALegendSignupTest.registeringUser()[pri:0, instance:TestScript.QALegendSignupTest@455b6df1] output={null}]]]>
              </value>
            </param>
          </params>
          <reporter-output>
          </reporter-output>
        </test-method> <!-- afterMethod -->
        <test-method is-config="true" signature="browserinitialization()[pri:0, instance:TestScript.QALegendSignupTest@455b6df1]" started-at="2024-12-28T11:33:32 IST" name="browserinitialization" finished-at="2024-12-28T11:33:56 IST" duration-ms="24107" status="PASS">
          <reporter-output>
          </reporter-output>
        </test-method> <!-- browserinitialization -->
        <test-method signature="signedupUserSignin()[pri:0, instance:TestScript.QALegendSignupTest@455b6df1]" started-at="2024-12-28T11:33:56 IST" name="signedupUserSignin" finished-at="2024-12-28T11:33:58 IST" duration-ms="2097" status="PASS">
          <reporter-output>
          </reporter-output>
        </test-method> <!-- signedupUserSignin -->
        <test-method is-config="true" signature="afterMethod(org.testng.ITestResult)[pri:0, instance:TestScript.QALegendSignupTest@455b6df1]" started-at="2024-12-28T11:33:58 IST" name="afterMethod" finished-at="2024-12-28T11:33:59 IST" duration-ms="472" status="PASS">
          <params>
            <param index="0">
              <value>
                <![CDATA[[TestResult name=signedupUserSignin status=SUCCESS method=QALegendSignupTest.signedupUserSignin()[pri:0, instance:TestScript.QALegendSignupTest@455b6df1] output={null}]]]>
              </value>
            </param>
          </params>
          <reporter-output>
          </reporter-output>
        </test-method> <!-- afterMethod -->
      </class> <!-- TestScript.QALegendSignupTest -->
      <class name="TestScript.QALegendMessagesTest">
        <test-method is-config="true" signature="browserinitialization()[pri:0, instance:TestScript.QALegendMessagesTest@20c0a64d]" started-at="2024-12-28T11:32:37 IST" name="browserinitialization" finished-at="2024-12-28T11:32:52 IST" duration-ms="14530" status="PASS">
          <reporter-output>
          </reporter-output>
        </test-method> <!-- browserinitialization -->
        <test-method signature="composingAMessage()[pri:0, instance:TestScript.QALegendMessagesTest@20c0a64d]" started-at="2024-12-28T11:32:52 IST" name="composingAMessage" finished-at="2024-12-28T11:33:03 IST" duration-ms="11013" status="PASS">
          <reporter-output>
          </reporter-output>
        </test-method> <!-- composingAMessage -->
        <test-method is-config="true" signature="afterMethod(org.testng.ITestResult)[pri:0, instance:TestScript.QALegendMessagesTest@20c0a64d]" started-at="2024-12-28T11:33:03 IST" name="afterMethod" finished-at="2024-12-28T11:33:03 IST" duration-ms="596" status="PASS">
          <params>
            <param index="0">
              <value>
                <![CDATA[[TestResult name=composingAMessage status=SUCCESS method=QALegendMessagesTest.composingAMessage()[pri:0, instance:TestScript.QALegendMessagesTest@20c0a64d] output={null}]]]>
              </value>
            </param>
          </params>
          <reporter-output>
          </reporter-output>
        </test-method> <!-- afterMethod -->
      </class> <!-- TestScript.QALegendMessagesTest -->
    </test> <!-- Test -->
  </suite> <!-- Suite -->
</testng-results>
