<?xml version="1.0" encoding="UTF-8"?>
<testng-results ignored="0" total="2" passed="2" failed="0" skipped="0">
  <reporter-output>
  </reporter-output>
  <suite started-at="2024-12-10T12:47:49 IST" name="Suite" finished-at="2024-12-10T12:48:49 IST" duration-ms="59940">
    <groups>
    </groups>
    <test started-at="2024-12-10T12:47:49 IST" name="Test" finished-at="2024-12-10T12:48:49 IST" duration-ms="59940">
      <class name="TestScript.QALegendEventTest">
        <test-method is-config="true" signature="browserinitialization()[pri:0, instance:TestScript.QALegendEventTest@4b013c76]" started-at="2024-12-10T12:47:49 IST" name="browserinitialization" finished-at="2024-12-10T12:48:16 IST" duration-ms="26387" status="PASS">
          <reporter-output>
          </reporter-output>
        </test-method> <!-- browserinitialization -->
        <test-method signature="addanEvent()[pri:0, instance:TestScript.QALegendEventTest@4b013c76]" started-at="2024-12-10T12:48:16 IST" name="addanEvent" finished-at="2024-12-10T12:48:26 IST" duration-ms="9972" status="PASS">
          <reporter-output>
          </reporter-output>
        </test-method> <!-- addanEvent -->
      </class> <!-- TestScript.QALegendEventTest -->
      <class name="TestScript.QALegendSignupTest">
        <test-method is-config="true" signature="browserinitialization()[pri:0, instance:TestScript.QALegendSignupTest@6e9a5ed8]" started-at="2024-12-10T12:48:26 IST" name="browserinitialization" finished-at="2024-12-10T12:48:42 IST" duration-ms="16285" status="PASS">
          <reporter-output>
          </reporter-output>
        </test-method> <!-- browserinitialization -->
        <test-method signature="signup()[pri:0, instance:TestScript.QALegendSignupTest@6e9a5ed8]" started-at="2024-12-10T12:48:42 IST" name="signup" finished-at="2024-12-10T12:48:49 IST" duration-ms="7166" status="PASS">
          <reporter-output>
          </reporter-output>
        </test-method> <!-- signup -->
      </class> <!-- TestScript.QALegendSignupTest -->
    </test> <!-- Test -->
  </suite> <!-- Suite -->
</testng-results>
