<?xml version="1.0" encoding="UTF-8"?>
<testng-results ignored="0" total="7" passed="7" failed="0" skipped="0">
  <reporter-output>
  </reporter-output>
  <suite started-at="2024-12-11T13:15:20 IST" name="Suite" finished-at="2024-12-11T13:19:09 IST" duration-ms="229289">
    <groups>
    </groups>
    <test started-at="2024-12-11T13:15:20 IST" name="Test" finished-at="2024-12-11T13:19:09 IST" duration-ms="229289">
      <class name="TestScript.QALegendHomePageTest">
        <test-method is-config="true" signature="browserinitialization()[pri:0, instance:TestScript.QALegendHomePageTest@221a3fa4]" started-at="2024-12-11T13:17:22 IST" name="browserinitialization" finished-at="2024-12-11T13:17:46 IST" duration-ms="23830" status="PASS">
          <reporter-output>
          </reporter-output>
        </test-method> <!-- browserinitialization -->
        <test-method signature="createnewDashboard()[pri:0, instance:TestScript.QALegendHomePageTest@221a3fa4]" started-at="2024-12-11T13:17:46 IST" name="createnewDashboard" finished-at="2024-12-11T13:17:56 IST" duration-ms="9844" status="PASS">
          <reporter-output>
          </reporter-output>
        </test-method> <!-- createnewDashboard -->
        <test-method is-config="true" signature="browserinitialization()[pri:0, instance:TestScript.QALegendHomePageTest@221a3fa4]" started-at="2024-12-11T13:17:56 IST" name="browserinitialization" finished-at="2024-12-11T13:18:15 IST" duration-ms="19062" status="PASS">
          <reporter-output>
          </reporter-output>
        </test-method> <!-- browserinitialization -->
        <test-method signature="editDashboard()[pri:0, instance:TestScript.QALegendHomePageTest@221a3fa4]" started-at="2024-12-11T13:18:15 IST" name="editDashboard" finished-at="2024-12-11T13:18:34 IST" duration-ms="19103" status="PASS">
          <reporter-output>
          </reporter-output>
        </test-method> <!-- editDashboard -->
      </class> <!-- TestScript.QALegendHomePageTest -->
      <class name="TestScript.QALegendLoginTest">
        <test-method is-config="true" signature="browserinitialization()[pri:0, instance:TestScript.QALegendLoginTest@7d9d0818]" started-at="2024-12-11T13:16:29 IST" name="browserinitialization" finished-at="2024-12-11T13:16:54 IST" duration-ms="25398" status="PASS">
          <reporter-output>
          </reporter-output>
        </test-method> <!-- browserinitialization -->
        <test-method signature="loginuserlogin()[pri:0, instance:TestScript.QALegendLoginTest@7d9d0818]" started-at="2024-12-11T13:16:54 IST" name="loginuserlogin" finished-at="2024-12-11T13:16:57 IST" duration-ms="2775" status="PASS">
          <reporter-output>
          </reporter-output>
        </test-method> <!-- loginuserlogin -->
        <test-method is-config="true" signature="browserinitialization()[pri:0, instance:TestScript.QALegendLoginTest@7d9d0818]" started-at="2024-12-11T13:16:57 IST" name="browserinitialization" finished-at="2024-12-11T13:17:22 IST" duration-ms="25119" status="PASS">
          <reporter-output>
          </reporter-output>
        </test-method> <!-- browserinitialization -->
        <test-method signature="urlValidation()[pri:0, instance:TestScript.QALegendLoginTest@7d9d0818]" started-at="2024-12-11T13:17:22 IST" name="urlValidation" finished-at="2024-12-11T13:17:22 IST" duration-ms="113" status="PASS">
          <reporter-output>
          </reporter-output>
        </test-method> <!-- urlValidation -->
      </class> <!-- TestScript.QALegendLoginTest -->
      <class name="TestScript.QALegendEventTest">
        <test-method is-config="true" signature="browserinitialization()[pri:0, instance:TestScript.QALegendEventTest@350aac89]" started-at="2024-12-11T13:15:20 IST" name="browserinitialization" finished-at="2024-12-11T13:15:46 IST" duration-ms="26451" status="PASS">
          <reporter-output>
          </reporter-output>
        </test-method> <!-- browserinitialization -->
        <test-method signature="addanEvent()[pri:0, instance:TestScript.QALegendEventTest@350aac89]" started-at="2024-12-11T13:15:46 IST" name="addanEvent" finished-at="2024-12-11T13:15:56 IST" duration-ms="9752" status="PASS">
          <reporter-output>
          </reporter-output>
        </test-method> <!-- addanEvent -->
      </class> <!-- TestScript.QALegendEventTest -->
      <class name="TestScript.QALegendEstimatesTest">
        <test-method is-config="true" signature="browserinitialization()[pri:0, instance:TestScript.QALegendEstimatesTest@451001e5]" started-at="2024-12-11T13:18:34 IST" name="browserinitialization" finished-at="2024-12-11T13:18:59 IST" duration-ms="24518" status="PASS">
          <reporter-output>
          </reporter-output>
        </test-method> <!-- browserinitialization -->
        <test-method signature="createEstimate()[pri:0, instance:TestScript.QALegendEstimatesTest@451001e5]" started-at="2024-12-11T13:18:59 IST" name="createEstimate" finished-at="2024-12-11T13:19:09 IST" duration-ms="10421" status="PASS">
          <reporter-output>
          </reporter-output>
        </test-method> <!-- createEstimate -->
      </class> <!-- TestScript.QALegendEstimatesTest -->
      <class name="TestScript.QALegendSignupTest">
        <test-method is-config="true" signature="browserinitialization()[pri:0, instance:TestScript.QALegendSignupTest@183ec003]" started-at="2024-12-11T13:15:56 IST" name="browserinitialization" finished-at="2024-12-11T13:16:21 IST" duration-ms="24635" status="PASS">
          <reporter-output>
          </reporter-output>
        </test-method> <!-- browserinitialization -->
        <test-method signature="signup()[pri:0, instance:TestScript.QALegendSignupTest@183ec003]" started-at="2024-12-11T13:16:21 IST" name="signup" finished-at="2024-12-11T13:16:29 IST" duration-ms="8036" status="PASS">
          <reporter-output>
          </reporter-output>
        </test-method> <!-- signup -->
      </class> <!-- TestScript.QALegendSignupTest -->
    </test> <!-- Test -->
  </suite> <!-- Suite -->
</testng-results>
