<?xml version="1.0" encoding="UTF-8"?>
<testng-results ignored="0" total="11" passed="11" failed="0" skipped="0">
  <reporter-output>
  </reporter-output>
  <suite started-at="2024-12-28T13:40:44 IST" name="Suite" finished-at="2024-12-28T13:46:55 IST" duration-ms="370717">
    <groups>
    </groups>
    <test started-at="2024-12-28T13:40:44 IST" name="Test" finished-at="2024-12-28T13:46:55 IST" duration-ms="370717">
      <class name="TestScript.QALegendHomePageTest">
        <test-method is-config="true" signature="browserinitialization()[pri:0, instance:TestScript.QALegendHomePageTest@6f7923a5]" started-at="2024-12-28T13:43:19 IST" name="browserinitialization" finished-at="2024-12-28T13:43:43 IST" duration-ms="23974" status="PASS">
          <reporter-output>
          </reporter-output>
        </test-method> <!-- browserinitialization -->
        <test-method signature="createnewDashboard()[pri:0, instance:TestScript.QALegendHomePageTest@6f7923a5]" started-at="2024-12-28T13:43:43 IST" name="createnewDashboard" finished-at="2024-12-28T13:43:51 IST" duration-ms="8293" status="PASS">
          <reporter-output>
          </reporter-output>
        </test-method> <!-- createnewDashboard -->
        <test-method is-config="true" signature="afterMethod(org.testng.ITestResult)[pri:0, instance:TestScript.QALegendHomePageTest@6f7923a5]" started-at="2024-12-28T13:43:51 IST" name="afterMethod" finished-at="2024-12-28T13:43:51 IST" duration-ms="428" status="PASS">
          <params>
            <param index="0">
              <value>
                <![CDATA[[TestResult name=createnewDashboard status=SUCCESS method=QALegendHomePageTest.createnewDashboard()[pri:0, instance:TestScript.QALegendHomePageTest@6f7923a5] output={null}]]]>
              </value>
            </param>
          </params>
          <reporter-output>
          </reporter-output>
        </test-method> <!-- afterMethod -->
        <test-method is-config="true" signature="browserinitialization()[pri:0, instance:TestScript.QALegendHomePageTest@6f7923a5]" started-at="2024-12-28T13:43:51 IST" name="browserinitialization" finished-at="2024-12-28T13:44:16 IST" duration-ms="24255" status="PASS">
          <reporter-output>
          </reporter-output>
        </test-method> <!-- browserinitialization -->
        <test-method signature="editDashboard()[pri:0, instance:TestScript.QALegendHomePageTest@6f7923a5]" started-at="2024-12-28T13:44:16 IST" name="editDashboard" finished-at="2024-12-28T13:44:34 IST" duration-ms="18041" status="PASS">
          <reporter-output>
          </reporter-output>
        </test-method> <!-- editDashboard -->
        <test-method is-config="true" signature="afterMethod(org.testng.ITestResult)[pri:0, instance:TestScript.QALegendHomePageTest@6f7923a5]" started-at="2024-12-28T13:44:34 IST" name="afterMethod" finished-at="2024-12-28T13:44:34 IST" duration-ms="434" status="PASS">
          <params>
            <param index="0">
              <value>
                <![CDATA[[TestResult name=editDashboard status=SUCCESS method=QALegendHomePageTest.editDashboard()[pri:0, instance:TestScript.QALegendHomePageTest@6f7923a5] output={null}]]]>
              </value>
            </param>
          </params>
          <reporter-output>
          </reporter-output>
        </test-method> <!-- afterMethod -->
      </class> <!-- TestScript.QALegendHomePageTest -->
      <class name="TestScript.QALegendLoginTest">
        <test-method is-config="true" signature="browserinitialization()[pri:0, instance:TestScript.QALegendLoginTest@37e4d7bb]" started-at="2024-12-28T13:42:52 IST" name="browserinitialization" finished-at="2024-12-28T13:43:16 IST" duration-ms="23808" status="PASS">
          <reporter-output>
          </reporter-output>
        </test-method> <!-- browserinitialization -->
        <test-method signature="loginuserlogin()[pri:0, instance:TestScript.QALegendLoginTest@37e4d7bb]" started-at="2024-12-28T13:43:16 IST" name="loginuserlogin" finished-at="2024-12-28T13:43:18 IST" duration-ms="2490" status="PASS">
          <reporter-output>
          </reporter-output>
        </test-method> <!-- loginuserlogin -->
        <test-method is-config="true" signature="afterMethod(org.testng.ITestResult)[pri:0, instance:TestScript.QALegendLoginTest@37e4d7bb]" started-at="2024-12-28T13:43:18 IST" name="afterMethod" finished-at="2024-12-28T13:43:19 IST" duration-ms="379" status="PASS">
          <params>
            <param index="0">
              <value>
                <![CDATA[[TestResult name=loginuserlogin status=SUCCESS method=QALegendLoginTest.loginuserlogin()[pri:0, instance:TestScript.QALegendLoginTest@37e4d7bb] output={null}]]]>
              </value>
            </param>
          </params>
          <reporter-output>
          </reporter-output>
        </test-method> <!-- afterMethod -->
      </class> <!-- TestScript.QALegendLoginTest -->
      <class name="TestScript.QALegendInvoicesTest">
        <test-method is-config="true" signature="browserinitialization()[pri:0, instance:TestScript.QALegendInvoicesTest@45a37759]" started-at="2024-12-28T13:45:46 IST" name="browserinitialization" finished-at="2024-12-28T13:46:10 IST" duration-ms="24184" status="PASS">
          <reporter-output>
          </reporter-output>
        </test-method> <!-- browserinitialization -->
        <test-method signature="eyeButtonFunctionality()[pri:0, instance:TestScript.QALegendInvoicesTest@45a37759]" started-at="2024-12-28T13:46:10 IST" name="eyeButtonFunctionality" finished-at="2024-12-28T13:46:26 IST" duration-ms="16570" status="PASS">
          <reporter-output>
          </reporter-output>
        </test-method> <!-- eyeButtonFunctionality -->
        <test-method is-config="true" signature="afterMethod(org.testng.ITestResult)[pri:0, instance:TestScript.QALegendInvoicesTest@45a37759]" started-at="2024-12-28T13:46:26 IST" name="afterMethod" finished-at="2024-12-28T13:46:27 IST" duration-ms="446" status="PASS">
          <params>
            <param index="0">
              <value>
                <![CDATA[[TestResult name=eyeButtonFunctionality status=SUCCESS method=QALegendInvoicesTest.eyeButtonFunctionality()[pri:0, instance:TestScript.QALegendInvoicesTest@45a37759] output={null}]]]>
              </value>
            </param>
          </params>
          <reporter-output>
          </reporter-output>
        </test-method> <!-- afterMethod -->
        <test-method is-config="true" signature="browserinitialization()[pri:0, instance:TestScript.QALegendInvoicesTest@45a37759]" started-at="2024-12-28T13:46:27 IST" name="browserinitialization" finished-at="2024-12-28T13:46:51 IST" duration-ms="24052" status="PASS">
          <reporter-output>
          </reporter-output>
        </test-method> <!-- browserinitialization -->
        <test-method signature="validatingInvoiceAmount()[pri:0, instance:TestScript.QALegendInvoicesTest@45a37759]" started-at="2024-12-28T13:46:51 IST" name="validatingInvoiceAmount" finished-at="2024-12-28T13:46:55 IST" duration-ms="3714" status="PASS">
          <reporter-output>
          </reporter-output>
        </test-method> <!-- validatingInvoiceAmount -->
        <test-method is-config="true" signature="afterMethod(org.testng.ITestResult)[pri:0, instance:TestScript.QALegendInvoicesTest@45a37759]" started-at="2024-12-28T13:46:55 IST" name="afterMethod" finished-at="2024-12-28T13:46:55 IST" duration-ms="418" status="PASS">
          <params>
            <param index="0">
              <value>
                <![CDATA[[TestResult name=validatingInvoiceAmount status=SUCCESS method=QALegendInvoicesTest.validatingInvoiceAmount()[pri:0, instance:TestScript.QALegendInvoicesTest@45a37759] output={null}]]]>
              </value>
            </param>
          </params>
          <reporter-output>
          </reporter-output>
        </test-method> <!-- afterMethod -->
      </class> <!-- TestScript.QALegendInvoicesTest -->
      <class name="TestScript.QALegendEventTest">
        <test-method is-config="true" signature="browserinitialization()[pri:0, instance:TestScript.QALegendEventTest@75d2da2d]" started-at="2024-12-28T13:40:44 IST" name="browserinitialization" finished-at="2024-12-28T13:41:10 IST" duration-ms="25687" status="PASS">
          <reporter-output>
          </reporter-output>
        </test-method> <!-- browserinitialization -->
        <test-method signature="addanEvent()[pri:0, instance:TestScript.QALegendEventTest@75d2da2d]" started-at="2024-12-28T13:41:10 IST" name="addanEvent" finished-at="2024-12-28T13:41:18 IST" duration-ms="7837" status="PASS">
          <reporter-output>
          </reporter-output>
        </test-method> <!-- addanEvent -->
        <test-method is-config="true" signature="afterMethod(org.testng.ITestResult)[pri:0, instance:TestScript.QALegendEventTest@75d2da2d]" started-at="2024-12-28T13:41:18 IST" name="afterMethod" finished-at="2024-12-28T13:41:19 IST" duration-ms="515" status="PASS">
          <params>
            <param index="0">
              <value>
                <![CDATA[[TestResult name=addanEvent status=SUCCESS method=QALegendEventTest.addanEvent()[pri:0, instance:TestScript.QALegendEventTest@75d2da2d] output={null}]]]>
              </value>
            </param>
          </params>
          <reporter-output>
          </reporter-output>
        </test-method> <!-- afterMethod -->
      </class> <!-- TestScript.QALegendEventTest -->
      <class name="TestScript.QALegendTicketsTest">
        <test-method is-config="true" signature="browserinitialization()[pri:0, instance:TestScript.QALegendTicketsTest@54eb2b70]" started-at="2024-12-28T13:45:08 IST" name="browserinitialization" finished-at="2024-12-28T13:45:32 IST" duration-ms="24572" status="PASS">
          <reporter-output>
          </reporter-output>
        </test-method> <!-- browserinitialization -->
        <test-method signature="createTicket()[pri:0, instance:TestScript.QALegendTicketsTest@54eb2b70]" started-at="2024-12-28T13:45:32 IST" name="createTicket" finished-at="2024-12-28T13:45:45 IST" duration-ms="12861" status="PASS">
          <reporter-output>
          </reporter-output>
        </test-method> <!-- createTicket -->
        <test-method is-config="true" signature="afterMethod(org.testng.ITestResult)[pri:0, instance:TestScript.QALegendTicketsTest@54eb2b70]" started-at="2024-12-28T13:45:45 IST" name="afterMethod" finished-at="2024-12-28T13:45:46 IST" duration-ms="487" status="PASS">
          <params>
            <param index="0">
              <value>
                <![CDATA[[TestResult name=createTicket status=SUCCESS method=QALegendTicketsTest.createTicket()[pri:0, instance:TestScript.QALegendTicketsTest@54eb2b70] output={null}]]]>
              </value>
            </param>
          </params>
          <reporter-output>
          </reporter-output>
        </test-method> <!-- afterMethod -->
      </class> <!-- TestScript.QALegendTicketsTest -->
      <class name="TestScript.QALegendEstimatesTest">
        <test-method is-config="true" signature="browserinitialization()[pri:0, instance:TestScript.QALegendEstimatesTest@74a6f9c1]" started-at="2024-12-28T13:44:34 IST" name="browserinitialization" finished-at="2024-12-28T13:44:58 IST" duration-ms="24195" status="PASS">
          <reporter-output>
          </reporter-output>
        </test-method> <!-- browserinitialization -->
        <test-method signature="createEstimate()[pri:0, instance:TestScript.QALegendEstimatesTest@74a6f9c1]" started-at="2024-12-28T13:44:58 IST" name="createEstimate" finished-at="2024-12-28T13:45:07 IST" duration-ms="8886" status="PASS">
          <reporter-output>
          </reporter-output>
        </test-method> <!-- createEstimate -->
        <test-method is-config="true" signature="afterMethod(org.testng.ITestResult)[pri:0, instance:TestScript.QALegendEstimatesTest@74a6f9c1]" started-at="2024-12-28T13:45:07 IST" name="afterMethod" finished-at="2024-12-28T13:45:08 IST" duration-ms="499" status="PASS">
          <params>
            <param index="0">
              <value>
                <![CDATA[[TestResult name=createEstimate status=SUCCESS method=QALegendEstimatesTest.createEstimate()[pri:0, instance:TestScript.QALegendEstimatesTest@74a6f9c1] output={null}]]]>
              </value>
            </param>
          </params>
          <reporter-output>
          </reporter-output>
        </test-method> <!-- afterMethod -->
      </class> <!-- TestScript.QALegendEstimatesTest -->
      <class name="TestScript.QALegendSignupTest">
        <test-method is-config="true" signature="browserinitialization()[pri:0, instance:TestScript.QALegendSignupTest@8e50104]" started-at="2024-12-28T13:41:56 IST" name="browserinitialization" finished-at="2024-12-28T13:42:21 IST" duration-ms="24555" status="PASS">
          <reporter-output>
          </reporter-output>
        </test-method> <!-- browserinitialization -->
        <test-method signature="registeringUser()[pri:0, instance:TestScript.QALegendSignupTest@8e50104]" started-at="2024-12-28T13:42:21 IST" name="registeringUser" finished-at="2024-12-28T13:42:24 IST" duration-ms="3538" status="PASS">
          <reporter-output>
          </reporter-output>
        </test-method> <!-- registeringUser -->
        <test-method is-config="true" signature="afterMethod(org.testng.ITestResult)[pri:0, instance:TestScript.QALegendSignupTest@8e50104]" started-at="2024-12-28T13:42:24 IST" name="afterMethod" finished-at="2024-12-28T13:42:25 IST" duration-ms="515" status="PASS">
          <params>
            <param index="0">
              <value>
                <![CDATA[[TestResult name=registeringUser status=SUCCESS method=QALegendSignupTest.registeringUser()[pri:0, instance:TestScript.QALegendSignupTest@8e50104] output={null}]]]>
              </value>
            </param>
          </params>
          <reporter-output>
          </reporter-output>
        </test-method> <!-- afterMethod -->
        <test-method is-config="true" signature="browserinitialization()[pri:0, instance:TestScript.QALegendSignupTest@8e50104]" started-at="2024-12-28T13:42:25 IST" name="browserinitialization" finished-at="2024-12-28T13:42:49 IST" duration-ms="24466" status="PASS">
          <reporter-output>
          </reporter-output>
        </test-method> <!-- browserinitialization -->
        <test-method signature="signedupUserSignin()[pri:0, instance:TestScript.QALegendSignupTest@8e50104]" started-at="2024-12-28T13:42:49 IST" name="signedupUserSignin" finished-at="2024-12-28T13:42:52 IST" duration-ms="2318" status="PASS">
          <reporter-output>
          </reporter-output>
        </test-method> <!-- signedupUserSignin -->
        <test-method is-config="true" signature="afterMethod(org.testng.ITestResult)[pri:0, instance:TestScript.QALegendSignupTest@8e50104]" started-at="2024-12-28T13:42:52 IST" name="afterMethod" finished-at="2024-12-28T13:42:52 IST" duration-ms="436" status="PASS">
          <params>
            <param index="0">
              <value>
                <![CDATA[[TestResult name=signedupUserSignin status=SUCCESS method=QALegendSignupTest.signedupUserSignin()[pri:0, instance:TestScript.QALegendSignupTest@8e50104] output={null}]]]>
              </value>
            </param>
          </params>
          <reporter-output>
          </reporter-output>
        </test-method> <!-- afterMethod -->
      </class> <!-- TestScript.QALegendSignupTest -->
      <class name="TestScript.QALegendMessagesTest">
        <test-method is-config="true" signature="browserinitialization()[pri:0, instance:TestScript.QALegendMessagesTest@79dc5318]" started-at="2024-12-28T13:41:19 IST" name="browserinitialization" finished-at="2024-12-28T13:41:43 IST" duration-ms="24269" status="PASS">
          <reporter-output>
          </reporter-output>
        </test-method> <!-- browserinitialization -->
        <test-method signature="composingAMessage()[pri:0, instance:TestScript.QALegendMessagesTest@79dc5318]" started-at="2024-12-28T13:41:43 IST" name="composingAMessage" finished-at="2024-12-28T13:41:56 IST" duration-ms="12771" status="PASS">
          <reporter-output>
          </reporter-output>
        </test-method> <!-- composingAMessage -->
        <test-method is-config="true" signature="afterMethod(org.testng.ITestResult)[pri:0, instance:TestScript.QALegendMessagesTest@79dc5318]" started-at="2024-12-28T13:41:56 IST" name="afterMethod" finished-at="2024-12-28T13:41:56 IST" duration-ms="529" status="PASS">
          <params>
            <param index="0">
              <value>
                <![CDATA[[TestResult name=composingAMessage status=SUCCESS method=QALegendMessagesTest.composingAMessage()[pri:0, instance:TestScript.QALegendMessagesTest@79dc5318] output={null}]]]>
              </value>
            </param>
          </params>
          <reporter-output>
          </reporter-output>
        </test-method> <!-- afterMethod -->
      </class> <!-- TestScript.QALegendMessagesTest -->
    </test> <!-- Test -->
  </suite> <!-- Suite -->
</testng-results>
