<?xml version="1.0" encoding="UTF-8"?>
<testng-results ignored="0" total="2" passed="2" failed="0" skipped="0">
  <reporter-output>
  </reporter-output>
  <suite started-at="2024-12-20T18:04:41 IST" name="Failed suite [Suite]" finished-at="2024-12-20T18:05:58 IST" duration-ms="76485">
    <groups>
    </groups>
    <test started-at="2024-12-20T18:04:41 IST" name="Test(failed)" finished-at="2024-12-20T18:05:58 IST" duration-ms="76485">
      <class name="TestScript.QALegendHomePageTest">
        <test-method is-config="true" signature="browserinitialization()[pri:0, instance:TestScript.QALegendHomePageTest@4416d64f]" started-at="2024-12-20T18:04:41 IST" name="browserinitialization" finished-at="2024-12-20T18:05:06 IST" duration-ms="25025" status="PASS">
          <reporter-output>
          </reporter-output>
        </test-method> <!-- browserinitialization -->
        <test-method signature="createnewDashboard()[pri:0, instance:TestScript.QALegendHomePageTest@4416d64f]" started-at="2024-12-20T18:05:06 IST" name="createnewDashboard" finished-at="2024-12-20T18:05:15 IST" duration-ms="8787" status="PASS">
          <reporter-output>
          </reporter-output>
        </test-method> <!-- createnewDashboard -->
        <test-method is-config="true" signature="browserClose()[pri:0, instance:TestScript.QALegendHomePageTest@4416d64f]" started-at="2024-12-20T18:05:15 IST" name="browserClose" finished-at="2024-12-20T18:05:15 IST" duration-ms="269" status="PASS">
          <reporter-output>
          </reporter-output>
        </test-method> <!-- browserClose -->
        <test-method is-config="true" signature="browserinitialization()[pri:0, instance:TestScript.QALegendHomePageTest@4416d64f]" started-at="2024-12-20T18:05:15 IST" name="browserinitialization" finished-at="2024-12-20T18:05:40 IST" duration-ms="24188" status="PASS">
          <reporter-output>
          </reporter-output>
        </test-method> <!-- browserinitialization -->
        <test-method signature="editDashboard()[pri:0, instance:TestScript.QALegendHomePageTest@4416d64f]" started-at="2024-12-20T18:05:40 IST" name="editDashboard" finished-at="2024-12-20T18:05:58 IST" duration-ms="17868" status="PASS">
          <reporter-output>
          </reporter-output>
        </test-method> <!-- editDashboard -->
        <test-method is-config="true" signature="browserClose()[pri:0, instance:TestScript.QALegendHomePageTest@4416d64f]" started-at="2024-12-20T18:05:58 IST" name="browserClose" finished-at="2024-12-20T18:05:58 IST" duration-ms="237" status="PASS">
          <reporter-output>
          </reporter-output>
        </test-method> <!-- browserClose -->
      </class> <!-- TestScript.QALegendHomePageTest -->
    </test> <!-- Test(failed) -->
  </suite> <!-- Failed suite [Suite] -->
</testng-results>
