<?xml version="1.0" encoding="UTF-8"?>
<testng-results ignored="0" total="11" passed="11" failed="0" skipped="0">
  <reporter-output>
  </reporter-output>
  <suite started-at="2024-12-31T22:57:29 IST" name="Suite" finished-at="2024-12-31T23:03:46 IST" duration-ms="377466">
    <groups>
    </groups>
    <test started-at="2024-12-31T22:57:29 IST" name="Test" finished-at="2024-12-31T23:03:46 IST" duration-ms="377466">
      <class name="TestScript.QALegendHomePageTest">
        <test-method is-config="true" signature="browserinitialization()[pri:0, instance:TestScript.QALegendHomePageTest@60410cd]" started-at="2024-12-31T23:00:04 IST" name="browserinitialization" finished-at="2024-12-31T23:00:28 IST" duration-ms="23898" status="PASS">
          <reporter-output>
          </reporter-output>
        </test-method> <!-- browserinitialization -->
        <test-method signature="createnewDashboard()[pri:0, instance:TestScript.QALegendHomePageTest@60410cd]" started-at="2024-12-31T23:00:28 IST" name="createnewDashboard" finished-at="2024-12-31T23:00:37 IST" duration-ms="9190" status="PASS">
          <reporter-output>
          </reporter-output>
        </test-method> <!-- createnewDashboard -->
        <test-method is-config="true" signature="afterMethod(org.testng.ITestResult)[pri:0, instance:TestScript.QALegendHomePageTest@60410cd]" started-at="2024-12-31T23:00:37 IST" name="afterMethod" finished-at="2024-12-31T23:00:38 IST" duration-ms="430" status="PASS">
          <params>
            <param index="0">
              <value>
                <![CDATA[[TestResult name=createnewDashboard status=SUCCESS method=QALegendHomePageTest.createnewDashboard()[pri:0, instance:TestScript.QALegendHomePageTest@60410cd] output={null}]]]>
              </value>
            </param>
          </params>
          <reporter-output>
          </reporter-output>
        </test-method> <!-- afterMethod -->
        <test-method is-config="true" signature="browserinitialization()[pri:0, instance:TestScript.QALegendHomePageTest@60410cd]" started-at="2024-12-31T23:00:38 IST" name="browserinitialization" finished-at="2024-12-31T23:01:02 IST" duration-ms="24335" status="PASS">
          <reporter-output>
          </reporter-output>
        </test-method> <!-- browserinitialization -->
        <test-method signature="editDashboard()[pri:0, instance:TestScript.QALegendHomePageTest@60410cd]" started-at="2024-12-31T23:01:02 IST" name="editDashboard" finished-at="2024-12-31T23:01:20 IST" duration-ms="17740" status="PASS">
          <reporter-output>
          </reporter-output>
        </test-method> <!-- editDashboard -->
        <test-method is-config="true" signature="afterMethod(org.testng.ITestResult)[pri:0, instance:TestScript.QALegendHomePageTest@60410cd]" started-at="2024-12-31T23:01:20 IST" name="afterMethod" finished-at="2024-12-31T23:01:21 IST" duration-ms="574" status="PASS">
          <params>
            <param index="0">
              <value>
                <![CDATA[[TestResult name=editDashboard status=SUCCESS method=QALegendHomePageTest.editDashboard()[pri:0, instance:TestScript.QALegendHomePageTest@60410cd] output={null}]]]>
              </value>
            </param>
          </params>
          <reporter-output>
          </reporter-output>
        </test-method> <!-- afterMethod -->
      </class> <!-- TestScript.QALegendHomePageTest -->
      <class name="TestScript.QALegendLoginTest">
        <test-method is-config="true" signature="browserinitialization()[pri:0, instance:TestScript.QALegendLoginTest@4ebff610]" started-at="2024-12-31T22:59:37 IST" name="browserinitialization" finished-at="2024-12-31T23:00:01 IST" duration-ms="24145" status="PASS">
          <reporter-output>
          </reporter-output>
        </test-method> <!-- browserinitialization -->
        <test-method signature="loginuserlogin()[pri:0, instance:TestScript.QALegendLoginTest@4ebff610]" started-at="2024-12-31T23:00:01 IST" name="loginuserlogin" finished-at="2024-12-31T23:00:04 IST" duration-ms="2638" status="PASS">
          <reporter-output>
          </reporter-output>
        </test-method> <!-- loginuserlogin -->
        <test-method is-config="true" signature="afterMethod(org.testng.ITestResult)[pri:0, instance:TestScript.QALegendLoginTest@4ebff610]" started-at="2024-12-31T23:00:04 IST" name="afterMethod" finished-at="2024-12-31T23:00:04 IST" duration-ms="457" status="PASS">
          <params>
            <param index="0">
              <value>
                <![CDATA[[TestResult name=loginuserlogin status=SUCCESS method=QALegendLoginTest.loginuserlogin()[pri:0, instance:TestScript.QALegendLoginTest@4ebff610] output={null}]]]>
              </value>
            </param>
          </params>
          <reporter-output>
          </reporter-output>
        </test-method> <!-- afterMethod -->
      </class> <!-- TestScript.QALegendLoginTest -->
      <class name="TestScript.QALegendInvoicesTest">
        <test-method is-config="true" signature="browserinitialization()[pri:0, instance:TestScript.QALegendInvoicesTest@38604b81]" started-at="2024-12-31T23:02:37 IST" name="browserinitialization" finished-at="2024-12-31T23:03:01 IST" duration-ms="24455" status="PASS">
          <reporter-output>
          </reporter-output>
        </test-method> <!-- browserinitialization -->
        <test-method signature="eyeButtonFunctionality()[pri:0, instance:TestScript.QALegendInvoicesTest@38604b81]" started-at="2024-12-31T23:03:01 IST" name="eyeButtonFunctionality" finished-at="2024-12-31T23:03:17 IST" duration-ms="15495" status="PASS">
          <reporter-output>
          </reporter-output>
        </test-method> <!-- eyeButtonFunctionality -->
        <test-method is-config="true" signature="afterMethod(org.testng.ITestResult)[pri:0, instance:TestScript.QALegendInvoicesTest@38604b81]" started-at="2024-12-31T23:03:17 IST" name="afterMethod" finished-at="2024-12-31T23:03:17 IST" duration-ms="506" status="PASS">
          <params>
            <param index="0">
              <value>
                <![CDATA[[TestResult name=eyeButtonFunctionality status=SUCCESS method=QALegendInvoicesTest.eyeButtonFunctionality()[pri:0, instance:TestScript.QALegendInvoicesTest@38604b81] output={null}]]]>
              </value>
            </param>
          </params>
          <reporter-output>
          </reporter-output>
        </test-method> <!-- afterMethod -->
        <test-method is-config="true" signature="browserinitialization()[pri:0, instance:TestScript.QALegendInvoicesTest@38604b81]" started-at="2024-12-31T23:03:17 IST" name="browserinitialization" finished-at="2024-12-31T23:03:41 IST" duration-ms="23921" status="PASS">
          <reporter-output>
          </reporter-output>
        </test-method> <!-- browserinitialization -->
        <test-method signature="validatingInvoiceAmount()[pri:0, instance:TestScript.QALegendInvoicesTest@38604b81]" started-at="2024-12-31T23:03:41 IST" name="validatingInvoiceAmount" finished-at="2024-12-31T23:03:46 IST" duration-ms="4445" status="PASS">
          <reporter-output>
          </reporter-output>
        </test-method> <!-- validatingInvoiceAmount -->
        <test-method is-config="true" signature="afterMethod(org.testng.ITestResult)[pri:0, instance:TestScript.QALegendInvoicesTest@38604b81]" started-at="2024-12-31T23:03:46 IST" name="afterMethod" finished-at="2024-12-31T23:03:46 IST" duration-ms="496" status="PASS">
          <params>
            <param index="0">
              <value>
                <![CDATA[[TestResult name=validatingInvoiceAmount status=SUCCESS method=QALegendInvoicesTest.validatingInvoiceAmount()[pri:0, instance:TestScript.QALegendInvoicesTest@38604b81] output={null}]]]>
              </value>
            </param>
          </params>
          <reporter-output>
          </reporter-output>
        </test-method> <!-- afterMethod -->
      </class> <!-- TestScript.QALegendInvoicesTest -->
      <class name="TestScript.QALegendEventTest">
        <test-method is-config="true" signature="browserinitialization()[pri:0, instance:TestScript.QALegendEventTest@14f9390f]" started-at="2024-12-31T22:57:29 IST" name="browserinitialization" finished-at="2024-12-31T22:57:54 IST" duration-ms="25137" status="PASS">
          <reporter-output>
          </reporter-output>
        </test-method> <!-- browserinitialization -->
        <test-method signature="addanEvent()[pri:0, instance:TestScript.QALegendEventTest@14f9390f]" started-at="2024-12-31T22:57:54 IST" name="addanEvent" finished-at="2024-12-31T22:58:02 IST" duration-ms="8314" status="PASS">
          <reporter-output>
          </reporter-output>
        </test-method> <!-- addanEvent -->
        <test-method is-config="true" signature="afterMethod(org.testng.ITestResult)[pri:0, instance:TestScript.QALegendEventTest@14f9390f]" started-at="2024-12-31T22:58:02 IST" name="afterMethod" finished-at="2024-12-31T22:58:03 IST" duration-ms="593" status="PASS">
          <params>
            <param index="0">
              <value>
                <![CDATA[[TestResult name=addanEvent status=SUCCESS method=QALegendEventTest.addanEvent()[pri:0, instance:TestScript.QALegendEventTest@14f9390f] output={null}]]]>
              </value>
            </param>
          </params>
          <reporter-output>
          </reporter-output>
        </test-method> <!-- afterMethod -->
      </class> <!-- TestScript.QALegendEventTest -->
      <class name="TestScript.QALegendTicketsTest">
        <test-method is-config="true" signature="browserinitialization()[pri:0, instance:TestScript.QALegendTicketsTest@95e33cc]" started-at="2024-12-31T23:01:57 IST" name="browserinitialization" finished-at="2024-12-31T23:02:21 IST" duration-ms="24299" status="PASS">
          <reporter-output>
          </reporter-output>
        </test-method> <!-- browserinitialization -->
        <test-method signature="createTicket()[pri:0, instance:TestScript.QALegendTicketsTest@95e33cc]" started-at="2024-12-31T23:02:21 IST" name="createTicket" finished-at="2024-12-31T23:02:36 IST" duration-ms="15106" status="PASS">
          <reporter-output>
          </reporter-output>
        </test-method> <!-- createTicket -->
        <test-method is-config="true" signature="afterMethod(org.testng.ITestResult)[pri:0, instance:TestScript.QALegendTicketsTest@95e33cc]" started-at="2024-12-31T23:02:36 IST" name="afterMethod" finished-at="2024-12-31T23:02:37 IST" duration-ms="446" status="PASS">
          <params>
            <param index="0">
              <value>
                <![CDATA[[TestResult name=createTicket status=SUCCESS method=QALegendTicketsTest.createTicket()[pri:0, instance:TestScript.QALegendTicketsTest@95e33cc] output={null}]]]>
              </value>
            </param>
          </params>
          <reporter-output>
          </reporter-output>
        </test-method> <!-- afterMethod -->
      </class> <!-- TestScript.QALegendTicketsTest -->
      <class name="TestScript.QALegendEstimatesTest">
        <test-method is-config="true" signature="browserinitialization()[pri:0, instance:TestScript.QALegendEstimatesTest@44d52de2]" started-at="2024-12-31T23:01:21 IST" name="browserinitialization" finished-at="2024-12-31T23:01:45 IST" duration-ms="23946" status="PASS">
          <reporter-output>
          </reporter-output>
        </test-method> <!-- browserinitialization -->
        <test-method signature="createEstimate()[pri:0, instance:TestScript.QALegendEstimatesTest@44d52de2]" started-at="2024-12-31T23:01:45 IST" name="createEstimate" finished-at="2024-12-31T23:01:56 IST" duration-ms="11818" status="PASS">
          <reporter-output>
          </reporter-output>
        </test-method> <!-- createEstimate -->
        <test-method is-config="true" signature="afterMethod(org.testng.ITestResult)[pri:0, instance:TestScript.QALegendEstimatesTest@44d52de2]" started-at="2024-12-31T23:01:56 IST" name="afterMethod" finished-at="2024-12-31T23:01:57 IST" duration-ms="637" status="PASS">
          <params>
            <param index="0">
              <value>
                <![CDATA[[TestResult name=createEstimate status=SUCCESS method=QALegendEstimatesTest.createEstimate()[pri:0, instance:TestScript.QALegendEstimatesTest@44d52de2] output={null}]]]>
              </value>
            </param>
          </params>
          <reporter-output>
          </reporter-output>
        </test-method> <!-- afterMethod -->
      </class> <!-- TestScript.QALegendEstimatesTest -->
      <class name="TestScript.QALegendSignupTest">
        <test-method is-config="true" signature="browserinitialization()[pri:0, instance:TestScript.QALegendSignupTest@4241e0f4]" started-at="2024-12-31T22:58:39 IST" name="browserinitialization" finished-at="2024-12-31T22:59:03 IST" duration-ms="23954" status="PASS">
          <reporter-output>
          </reporter-output>
        </test-method> <!-- browserinitialization -->
        <test-method signature="registeringUser()[pri:0, instance:TestScript.QALegendSignupTest@4241e0f4]" started-at="2024-12-31T22:59:03 IST" name="registeringUser" finished-at="2024-12-31T22:59:10 IST" duration-ms="6776" status="PASS">
          <reporter-output>
          </reporter-output>
        </test-method> <!-- registeringUser -->
        <test-method is-config="true" signature="afterMethod(org.testng.ITestResult)[pri:0, instance:TestScript.QALegendSignupTest@4241e0f4]" started-at="2024-12-31T22:59:10 IST" name="afterMethod" finished-at="2024-12-31T22:59:10 IST" duration-ms="504" status="PASS">
          <params>
            <param index="0">
              <value>
                <![CDATA[[TestResult name=registeringUser status=SUCCESS method=QALegendSignupTest.registeringUser()[pri:0, instance:TestScript.QALegendSignupTest@4241e0f4] output={null}]]]>
              </value>
            </param>
          </params>
          <reporter-output>
          </reporter-output>
        </test-method> <!-- afterMethod -->
        <test-method is-config="true" signature="browserinitialization()[pri:0, instance:TestScript.QALegendSignupTest@4241e0f4]" started-at="2024-12-31T22:59:10 IST" name="browserinitialization" finished-at="2024-12-31T22:59:34 IST" duration-ms="23972" status="PASS">
          <reporter-output>
          </reporter-output>
        </test-method> <!-- browserinitialization -->
        <test-method signature="signedupUserSignin()[pri:0, instance:TestScript.QALegendSignupTest@4241e0f4]" started-at="2024-12-31T22:59:34 IST" name="signedupUserSignin" finished-at="2024-12-31T22:59:37 IST" duration-ms="2527" status="PASS">
          <reporter-output>
          </reporter-output>
        </test-method> <!-- signedupUserSignin -->
        <test-method is-config="true" signature="afterMethod(org.testng.ITestResult)[pri:0, instance:TestScript.QALegendSignupTest@4241e0f4]" started-at="2024-12-31T22:59:37 IST" name="afterMethod" finished-at="2024-12-31T22:59:37 IST" duration-ms="498" status="PASS">
          <params>
            <param index="0">
              <value>
                <![CDATA[[TestResult name=signedupUserSignin status=SUCCESS method=QALegendSignupTest.signedupUserSignin()[pri:0, instance:TestScript.QALegendSignupTest@4241e0f4] output={null}]]]>
              </value>
            </param>
          </params>
          <reporter-output>
          </reporter-output>
        </test-method> <!-- afterMethod -->
      </class> <!-- TestScript.QALegendSignupTest -->
      <class name="TestScript.QALegendMessagesTest">
        <test-method is-config="true" signature="browserinitialization()[pri:0, instance:TestScript.QALegendMessagesTest@4b213651]" started-at="2024-12-31T22:58:03 IST" name="browserinitialization" finished-at="2024-12-31T22:58:27 IST" duration-ms="24134" status="PASS">
          <reporter-output>
          </reporter-output>
        </test-method> <!-- browserinitialization -->
        <test-method signature="composingAMessage()[pri:0, instance:TestScript.QALegendMessagesTest@4b213651]" started-at="2024-12-31T22:58:27 IST" name="composingAMessage" finished-at="2024-12-31T22:58:38 IST" duration-ms="11353" status="PASS">
          <reporter-output>
          </reporter-output>
        </test-method> <!-- composingAMessage -->
        <test-method is-config="true" signature="afterMethod(org.testng.ITestResult)[pri:0, instance:TestScript.QALegendMessagesTest@4b213651]" started-at="2024-12-31T22:58:38 IST" name="afterMethod" finished-at="2024-12-31T22:58:39 IST" duration-ms="498" status="PASS">
          <params>
            <param index="0">
              <value>
                <![CDATA[[TestResult name=composingAMessage status=SUCCESS method=QALegendMessagesTest.composingAMessage()[pri:0, instance:TestScript.QALegendMessagesTest@4b213651] output={null}]]]>
              </value>
            </param>
          </params>
          <reporter-output>
          </reporter-output>
        </test-method> <!-- afterMethod -->
      </class> <!-- TestScript.QALegendMessagesTest -->
    </test> <!-- Test -->
  </suite> <!-- Suite -->
</testng-results>
