<?xml version="1.0" encoding="UTF-8"?>
<testng-results ignored="0" total="1" passed="1" failed="0" skipped="0">
  <reporter-output>
  </reporter-output>
  <suite started-at="2025-01-01T22:54:38 IST" name="Suite" finished-at="2025-01-01T22:55:12 IST" duration-ms="33749">
    <groups>
      <group name="regressiontest">
        <method signature="QALegendEventTest.addanEvent()[pri:0, instance:TestScript.QALegendEventTest@332729ad]" name="addanEvent" class="TestScript.QALegendEventTest"/>
      </group> <!-- regressiontest -->
    </groups>
    <test started-at="2025-01-01T22:54:38 IST" name="Test" finished-at="2025-01-01T22:55:12 IST" duration-ms="33749">
      <class name="TestScript.QALegendEventTest">
        <test-method is-config="true" signature="browserinitialization(java.lang.String)[pri:0, instance:TestScript.QALegendEventTest@332729ad]" started-at="2025-01-01T22:54:38 IST" name="browserinitialization" finished-at="2025-01-01T22:55:03 IST" duration-ms="24882" status="PASS">
          <params>
            <param index="0">
              <value>
                <![CDATA[chrome]]>
              </value>
            </param>
          </params>
          <reporter-output>
          </reporter-output>
        </test-method> <!-- browserinitialization -->
        <test-method signature="addanEvent()[pri:0, instance:TestScript.QALegendEventTest@332729ad]" started-at="2025-01-01T22:55:03 IST" name="addanEvent" finished-at="2025-01-01T22:55:11 IST" duration-ms="8213" status="PASS">
          <reporter-output>
          </reporter-output>
        </test-method> <!-- addanEvent -->
        <test-method is-config="true" signature="afterMethod(org.testng.ITestResult)[pri:0, instance:TestScript.QALegendEventTest@332729ad]" started-at="2025-01-01T22:55:11 IST" name="afterMethod" finished-at="2025-01-01T22:55:12 IST" duration-ms="510" status="PASS">
          <params>
            <param index="0">
              <value>
                <![CDATA[[TestResult name=addanEvent status=SUCCESS method=QALegendEventTest.addanEvent()[pri:0, instance:TestScript.QALegendEventTest@332729ad] output={null}]]]>
              </value>
            </param>
          </params>
          <reporter-output>
          </reporter-output>
        </test-method> <!-- afterMethod -->
      </class> <!-- TestScript.QALegendEventTest -->
    </test> <!-- Test -->
  </suite> <!-- Suite -->
</testng-results>
