<?xml version="1.0" encoding="UTF-8"?>
<testng-results ignored="0" total="10" passed="10" failed="0" skipped="0">
  <reporter-output>
  </reporter-output>
  <suite started-at="2024-12-13T12:35:29 IST" name="Suite" finished-at="2024-12-13T12:41:10 IST" duration-ms="340918">
    <groups>
    </groups>
    <test started-at="2024-12-13T12:35:29 IST" name="Test" finished-at="2024-12-13T12:41:10 IST" duration-ms="340918">
      <class name="TestScript.QALegendHomePageTest">
        <test-method is-config="true" signature="browserinitialization()[pri:0, instance:TestScript.QALegendHomePageTest@43b9fd5]" started-at="2024-12-13T12:37:30 IST" name="browserinitialization" finished-at="2024-12-13T12:37:54 IST" duration-ms="23989" status="PASS">
          <reporter-output>
          </reporter-output>
        </test-method> <!-- browserinitialization -->
        <test-method signature="createnewDashboard()[pri:0, instance:TestScript.QALegendHomePageTest@43b9fd5]" started-at="2024-12-13T12:37:54 IST" name="createnewDashboard" finished-at="2024-12-13T12:38:04 IST" duration-ms="9778" status="PASS">
          <reporter-output>
          </reporter-output>
        </test-method> <!-- createnewDashboard -->
        <test-method is-config="true" signature="browserClose()[pri:0, instance:TestScript.QALegendHomePageTest@43b9fd5]" started-at="2024-12-13T12:38:04 IST" name="browserClose" finished-at="2024-12-13T12:38:05 IST" duration-ms="300" status="PASS">
          <reporter-output>
          </reporter-output>
        </test-method> <!-- browserClose -->
        <test-method is-config="true" signature="browserinitialization()[pri:0, instance:TestScript.QALegendHomePageTest@43b9fd5]" started-at="2024-12-13T12:38:05 IST" name="browserinitialization" finished-at="2024-12-13T12:38:29 IST" duration-ms="24423" status="PASS">
          <reporter-output>
          </reporter-output>
        </test-method> <!-- browserinitialization -->
        <test-method signature="editDashboard()[pri:0, instance:TestScript.QALegendHomePageTest@43b9fd5]" started-at="2024-12-13T12:38:29 IST" name="editDashboard" finished-at="2024-12-13T12:38:47 IST" duration-ms="17698" status="PASS">
          <reporter-output>
          </reporter-output>
        </test-method> <!-- editDashboard -->
        <test-method is-config="true" signature="browserClose()[pri:0, instance:TestScript.QALegendHomePageTest@43b9fd5]" started-at="2024-12-13T12:38:47 IST" name="browserClose" finished-at="2024-12-13T12:38:47 IST" duration-ms="293" status="PASS">
          <reporter-output>
          </reporter-output>
        </test-method> <!-- browserClose -->
      </class> <!-- TestScript.QALegendHomePageTest -->
      <class name="TestScript.QALegendLoginTest">
        <test-method is-config="true" signature="browserinitialization()[pri:0, instance:TestScript.QALegendLoginTest@3af0a9da]" started-at="2024-12-13T12:37:04 IST" name="browserinitialization" finished-at="2024-12-13T12:37:28 IST" duration-ms="23852" status="PASS">
          <reporter-output>
          </reporter-output>
        </test-method> <!-- browserinitialization -->
        <test-method signature="loginuserlogin()[pri:0, instance:TestScript.QALegendLoginTest@3af0a9da]" started-at="2024-12-13T12:37:28 IST" name="loginuserlogin" finished-at="2024-12-13T12:37:30 IST" duration-ms="2603" status="PASS">
          <reporter-output>
          </reporter-output>
        </test-method> <!-- loginuserlogin -->
        <test-method is-config="true" signature="browserClose()[pri:0, instance:TestScript.QALegendLoginTest@3af0a9da]" started-at="2024-12-13T12:37:30 IST" name="browserClose" finished-at="2024-12-13T12:37:30 IST" duration-ms="222" status="PASS">
          <reporter-output>
          </reporter-output>
        </test-method> <!-- browserClose -->
      </class> <!-- TestScript.QALegendLoginTest -->
      <class name="TestScript.QALegendInvoicesTest">
        <test-method is-config="true" signature="browserinitialization()[pri:0, instance:TestScript.QALegendInvoicesTest@37e4d7bb]" started-at="2024-12-13T12:40:00 IST" name="browserinitialization" finished-at="2024-12-13T12:40:24 IST" duration-ms="24463" status="PASS">
          <reporter-output>
          </reporter-output>
        </test-method> <!-- browserinitialization -->
        <test-method signature="eyeButtonFunctionality()[pri:0, instance:TestScript.QALegendInvoicesTest@37e4d7bb]" started-at="2024-12-13T12:40:24 IST" name="eyeButtonFunctionality" finished-at="2024-12-13T12:40:41 IST" duration-ms="16598" status="PASS">
          <reporter-output>
          </reporter-output>
        </test-method> <!-- eyeButtonFunctionality -->
        <test-method is-config="true" signature="browserClose()[pri:0, instance:TestScript.QALegendInvoicesTest@37e4d7bb]" started-at="2024-12-13T12:40:41 IST" name="browserClose" finished-at="2024-12-13T12:40:41 IST" duration-ms="286" status="PASS">
          <reporter-output>
          </reporter-output>
        </test-method> <!-- browserClose -->
        <test-method is-config="true" signature="browserinitialization()[pri:0, instance:TestScript.QALegendInvoicesTest@37e4d7bb]" started-at="2024-12-13T12:40:41 IST" name="browserinitialization" finished-at="2024-12-13T12:41:05 IST" duration-ms="24075" status="PASS">
          <reporter-output>
          </reporter-output>
        </test-method> <!-- browserinitialization -->
        <test-method signature="validatingInvoiceAmount()[pri:0, instance:TestScript.QALegendInvoicesTest@37e4d7bb]" started-at="2024-12-13T12:41:05 IST" name="validatingInvoiceAmount" finished-at="2024-12-13T12:41:09 IST" duration-ms="4307" status="PASS">
          <reporter-output>
          </reporter-output>
        </test-method> <!-- validatingInvoiceAmount -->
        <test-method is-config="true" signature="browserClose()[pri:0, instance:TestScript.QALegendInvoicesTest@37e4d7bb]" started-at="2024-12-13T12:41:09 IST" name="browserClose" finished-at="2024-12-13T12:41:10 IST" duration-ms="305" status="PASS">
          <reporter-output>
          </reporter-output>
        </test-method> <!-- browserClose -->
      </class> <!-- TestScript.QALegendInvoicesTest -->
      <class name="TestScript.QALegendEventTest">
        <test-method is-config="true" signature="browserinitialization()[pri:0, instance:TestScript.QALegendEventTest@13d4992d]" started-at="2024-12-13T12:35:29 IST" name="browserinitialization" finished-at="2024-12-13T12:35:58 IST" duration-ms="28994" status="PASS">
          <reporter-output>
          </reporter-output>
        </test-method> <!-- browserinitialization -->
        <test-method signature="addanEvent()[pri:0, instance:TestScript.QALegendEventTest@13d4992d]" started-at="2024-12-13T12:35:58 IST" name="addanEvent" finished-at="2024-12-13T12:36:06 IST" duration-ms="8294" status="PASS">
          <reporter-output>
          </reporter-output>
        </test-method> <!-- addanEvent -->
        <test-method is-config="true" signature="browserClose()[pri:0, instance:TestScript.QALegendEventTest@13d4992d]" started-at="2024-12-13T12:36:06 IST" name="browserClose" finished-at="2024-12-13T12:36:07 IST" duration-ms="354" status="PASS">
          <reporter-output>
          </reporter-output>
        </test-method> <!-- browserClose -->
      </class> <!-- TestScript.QALegendEventTest -->
      <class name="TestScript.QALegendTicketsTest">
        <test-method is-config="true" signature="browserinitialization()[pri:0, instance:TestScript.QALegendTicketsTest@8e50104]" started-at="2024-12-13T12:39:22 IST" name="browserinitialization" finished-at="2024-12-13T12:39:47 IST" duration-ms="24779" status="PASS">
          <reporter-output>
          </reporter-output>
        </test-method> <!-- browserinitialization -->
        <test-method signature="createTicket()[pri:0, instance:TestScript.QALegendTicketsTest@8e50104]" started-at="2024-12-13T12:39:47 IST" name="createTicket" finished-at="2024-12-13T12:39:59 IST" duration-ms="12478" status="PASS">
          <reporter-output>
          </reporter-output>
        </test-method> <!-- createTicket -->
        <test-method is-config="true" signature="browserClose()[pri:0, instance:TestScript.QALegendTicketsTest@8e50104]" started-at="2024-12-13T12:39:59 IST" name="browserClose" finished-at="2024-12-13T12:40:00 IST" duration-ms="255" status="PASS">
          <reporter-output>
          </reporter-output>
        </test-method> <!-- browserClose -->
      </class> <!-- TestScript.QALegendTicketsTest -->
      <class name="TestScript.QALegendEstimatesTest">
        <test-method is-config="true" signature="browserinitialization()[pri:0, instance:TestScript.QALegendEstimatesTest@79dc5318]" started-at="2024-12-13T12:38:47 IST" name="browserinitialization" finished-at="2024-12-13T12:39:11 IST" duration-ms="24020" status="PASS">
          <reporter-output>
          </reporter-output>
        </test-method> <!-- browserinitialization -->
        <test-method signature="createEstimate()[pri:0, instance:TestScript.QALegendEstimatesTest@79dc5318]" started-at="2024-12-13T12:39:11 IST" name="createEstimate" finished-at="2024-12-13T12:39:22 IST" duration-ms="10867" status="PASS">
          <reporter-output>
          </reporter-output>
        </test-method> <!-- createEstimate -->
        <test-method is-config="true" signature="browserClose()[pri:0, instance:TestScript.QALegendEstimatesTest@79dc5318]" started-at="2024-12-13T12:39:22 IST" name="browserClose" finished-at="2024-12-13T12:39:22 IST" duration-ms="311" status="PASS">
          <reporter-output>
          </reporter-output>
        </test-method> <!-- browserClose -->
      </class> <!-- TestScript.QALegendEstimatesTest -->
      <class name="TestScript.QALegendSignupTest">
        <test-method is-config="true" signature="browserinitialization()[pri:0, instance:TestScript.QALegendSignupTest@59e505b2]" started-at="2024-12-13T12:36:07 IST" name="browserinitialization" finished-at="2024-12-13T12:36:31 IST" duration-ms="24374" status="PASS">
          <reporter-output>
          </reporter-output>
        </test-method> <!-- browserinitialization -->
        <test-method signature="registeringUser()[pri:0, instance:TestScript.QALegendSignupTest@59e505b2]" started-at="2024-12-13T12:36:31 IST" name="registeringUser" finished-at="2024-12-13T12:36:36 IST" duration-ms="5080" status="PASS">
          <reporter-output>
          </reporter-output>
        </test-method> <!-- registeringUser -->
        <test-method is-config="true" signature="browserClose()[pri:0, instance:TestScript.QALegendSignupTest@59e505b2]" started-at="2024-12-13T12:36:36 IST" name="browserClose" finished-at="2024-12-13T12:36:36 IST" duration-ms="301" status="PASS">
          <reporter-output>
          </reporter-output>
        </test-method> <!-- browserClose -->
        <test-method is-config="true" signature="browserinitialization()[pri:0, instance:TestScript.QALegendSignupTest@59e505b2]" started-at="2024-12-13T12:36:36 IST" name="browserinitialization" finished-at="2024-12-13T12:37:01 IST" duration-ms="24718" status="PASS">
          <reporter-output>
          </reporter-output>
        </test-method> <!-- browserinitialization -->
        <test-method signature="signedupUserSignin()[pri:0, instance:TestScript.QALegendSignupTest@59e505b2]" started-at="2024-12-13T12:37:01 IST" name="signedupUserSignin" finished-at="2024-12-13T12:37:04 IST" duration-ms="2440" status="PASS">
          <reporter-output>
          </reporter-output>
        </test-method> <!-- signedupUserSignin -->
        <test-method is-config="true" signature="browserClose()[pri:0, instance:TestScript.QALegendSignupTest@59e505b2]" started-at="2024-12-13T12:37:04 IST" name="browserClose" finished-at="2024-12-13T12:37:04 IST" duration-ms="224" status="PASS">
          <reporter-output>
          </reporter-output>
        </test-method> <!-- browserClose -->
      </class> <!-- TestScript.QALegendSignupTest -->
    </test> <!-- Test -->
  </suite> <!-- Suite -->
</testng-results>
